<?xml version="1.0" encoding="UTF-8"?>
<!-- Generated by org.testng.reporters.JUnitReportReporter -->
<testsuite hostname="utd04929" name="com.EmailTest" tests="1" failures="0" timestamp="19 Jun 2019 14:39:41 GMT" time="11.753" errors="0">
  <testcase name="sendEMail" time="11.753" classname="com.EmailTest"/>
</testsuite> <!-- com.EmailTest -->
